<?xml version="1.0" encoding="UTF-8"?>
<!-- Generated by org.testng.reporters.JUnitReportReporter -->
<testsuite skipped="0" hostname="DESKTOP-R8PG7NA" name="Constructor_Overloading.test" tests="2" failures="0" timestamp="13 Jul 2017 08:04:47 GMT" time="0.007" errors="0">
  <testcase name="testCase2" time="0.002" classname="Constructor_Overloading.test"/>
  <testcase name="testCase1" time="0.005" classname="Constructor_Overloading.test"/>
</testsuite> <!-- Constructor_Overloading.test -->
